==============================================================================
Suites                                                                        
==============================================================================
Suites.Student Service                                                        
==============================================================================
Suites.Student Service.TC 001 Get Request :: Test to check on GET API servi...
==============================================================================
TC_001 get the student details :: Validate the student details usi... | PASS |
------------------------------------------------------------------------------
Suites.Student Service.TC 001 Get Request :: Test to check on GET ... | PASS |
1 critical test, 1 passed, 0 failed
1 test total, 1 passed, 0 failed
==============================================================================
Suites.Student Service                                                | PASS |
1 critical test, 1 passed, 0 failed
1 test total, 1 passed, 0 failed
==============================================================================
Suites                                                                | PASS |
1 critical test, 1 passed, 0 failed
1 test total, 1 passed, 0 failed
==============================================================================
Output:  C:\projects\python-workspace\robot-framework-api\pabot_results\Suites.Student Service.TC 001 Get Request\output.xml
